# JRE version: OpenJDK Runtime Environment (8.0_242-b08) (build 1.8.0_242-b08)
# Java VM: OpenJDK 64-Bit Server VM (25.242-b08 mixed mode bsd-amd64 compressed oops)
Heap:
 PSYoungGen      total 558080K, used 26671K [0x000000076ab00000, 0x00000007a2600000, 0x00000007c0000000)
  eden space 509952K, 5% used [0x000000076ab00000,0x000000076c50bfc0,0x0000000789d00000)
  from space 48128K, 0% used [0x0000000789d00000,0x0000000789d00000,0x000000078cc00000)
  to   space 48128K, 0% used [0x000000079f700000,0x000000079f700000,0x00000007a2600000)
 ParOldGen       total 199168K, used 84996K [0x00000006c0000000, 0x00000006cc280000, 0x000000076ab00000)
  object space 199168K, 42% used [0x00000006c0000000,0x00000006c5301270,0x00000006cc280000)
 Metaspace       used 25487K, capacity 26214K, committed 26544K, reserved 1073152K
  class space    used 2862K, capacity 3165K, committed 3248K, reserved 1048576K
GC Heap History (10 events):
Event: 3.504 GC heap before
{Heap before GC invocations=6 (full 0):
 PSYoungGen      total 141824K, used 141811K [0x000000076ab00000, 0x000000077d800000, 0x00000007c0000000)
  eden space 131072K, 100% used [0x000000076ab00000,0x0000000772b00000,0x0000000772b00000)
  from space 10752K, 99% used [0x0000000772b00000,0x000000077357cc40,0x0000000773580000)
  to   space 23040K, 0% used [0x000000077c180000,0x000000077c180000,0x000000077d800000)
 ParOldGen       total 175104K, used 23714K [0x00000006c0000000, 0x00000006cab00000, 0x000000076ab00000)
  object space 175104K, 13% used [0x00000006c0000000,0x00000006c1728840,0x00000006cab00000)
 Metaspace       used 18514K, capacity 18872K, committed 19072K, reserved 1067008K
  class space    used 1979K, capacity 2088K, committed 2176K, reserved 1048576K
Event: 3.531 GC heap after
Heap after GC invocations=6 (full 0):
 PSYoungGen      total 282624K, used 22170K [0x000000076ab00000, 0x000000077dd00000, 0x00000007c0000000)
  eden space 259584K, 0% used [0x000000076ab00000,0x000000076ab00000,0x000000077a880000)
  from space 23040K, 96% used [0x000000077c180000,0x000000077d726980,0x000000077d800000)
  to   space 25600K, 0% used [0x000000077a880000,0x000000077a880000,0x000000077c180000)
 ParOldGen       total 175104K, used 23722K [0x00000006c0000000, 0x00000006cab00000, 0x000000076ab00000)
  object space 175104K, 13% used [0x00000006c0000000,0x00000006c172a840,0x00000006cab00000)
 Metaspace       used 18514K, capacity 18872K, committed 19072K, reserved 1067008K
  class space    used 1979K, capacity 2088K, committed 2176K, reserved 1048576K
}
Event: 4.523 GC heap before
{Heap before GC invocations=7 (full 0):
 PSYoungGen      total 282624K, used 281754K [0x000000076ab00000, 0x000000077dd00000, 0x00000007c0000000)
  eden space 259584K, 100% used [0x000000076ab00000,0x000000077a880000,0x000000077a880000)
  from space 23040K, 96% used [0x000000077c180000,0x000000077d726980,0x000000077d800000)
  to   space 25600K, 0% used [0x000000077a880000,0x000000077a880000,0x000000077c180000)
 ParOldGen       total 175104K, used 23722K [0x00000006c0000000, 0x00000006cab00000, 0x000000076ab00000)
  object space 175104K, 13% used [0x00000006c0000000,0x00000006c172a840,0x00000006cab00000)
 Metaspace       used 19517K, capacity 19878K, committed 20224K, reserved 1067008K
  class space    used 2096K, capacity 2188K, committed 2304K, reserved 1048576K
Event: 4.565 GC heap after
Heap after GC invocations=7 (full 0):
 PSYoungGen      total 285184K, used 25586K [0x000000076ab00000, 0x000000078f200000, 0x00000007c0000000)
  eden space 259584K, 0% used [0x000000076ab00000,0x000000076ab00000,0x000000077a880000)
  from space 25600K, 99% used [0x000000077a880000,0x000000077c17ca40,0x000000077c180000)
  to   space 38912K, 0% used [0x000000078cc00000,0x000000078cc00000,0x000000078f200000)
 ParOldGen       total 175104K, used 43494K [0x00000006c0000000, 0x00000006cab00000, 0x000000076ab00000)
  object space 175104K, 24% used [0x00000006c0000000,0x00000006c2a79b20,0x00000006cab00000)
 Metaspace       used 19517K, capacity 19878K, committed 20224K, reserved 1067008K
  class space    used 2096K, capacity 2188K, committed 2304K, reserved 1048576K
}
Event: 5.144 GC heap before
{Heap before GC invocations=8 (full 0):
 PSYoungGen      total 285184K, used 285170K [0x000000076ab00000, 0x000000078f200000, 0x00000007c0000000)
  eden space 259584K, 100% used [0x000000076ab00000,0x000000077a880000,0x000000077a880000)
  from space 25600K, 99% used [0x000000077a880000,0x000000077c17ca40,0x000000077c180000)
  to   space 38912K, 0% used [0x000000078cc00000,0x000000078cc00000,0x000000078f200000)
 ParOldGen       total 175104K, used 43494K [0x00000006c0000000, 0x00000006cab00000, 0x000000076ab00000)
  object space 175104K, 24% used [0x00000006c0000000,0x00000006c2a79b20,0x00000006cab00000)
 Metaspace       used 19927K, capacity 20312K, committed 20480K, reserved 1067008K
  class space    used 2120K, capacity 2223K, committed 2304K, reserved 1048576K
Event: 5.176 GC heap after
Heap after GC invocations=8 (full 0):
 PSYoungGen      total 548864K, used 38902K [0x000000076ab00000, 0x0000000790400000, 0x00000007c0000000)
  eden space 509952K, 0% used [0x000000076ab00000,0x000000076ab00000,0x0000000789d00000)
  from space 38912K, 99% used [0x000000078cc00000,0x000000078f1fd810,0x000000078f200000)
  to   space 48128K, 0% used [0x0000000789d00000,0x0000000789d00000,0x000000078cc00000)
 ParOldGen       total 175104K, used 51544K [0x00000006c0000000, 0x00000006cab00000, 0x000000076ab00000)
  object space 175104K, 29% used [0x00000006c0000000,0x00000006c3256080,0x00000006cab00000)
 Metaspace       used 19927K, capacity 20312K, committed 20480K, reserved 1067008K
  class space    used 2120K, capacity 2223K, committed 2304K, reserved 1048576K
}
Event: 5.598 GC heap before
{Heap before GC invocations=9 (full 0):
 PSYoungGen      total 548864K, used 295598K [0x000000076ab00000, 0x0000000790400000, 0x00000007c0000000)
  eden space 509952K, 50% used [0x000000076ab00000,0x000000077a5ae058,0x0000000789d00000)
  from space 38912K, 99% used [0x000000078cc00000,0x000000078f1fd810,0x000000078f200000)
  to   space 48128K, 0% used [0x0000000789d00000,0x0000000789d00000,0x000000078cc00000)
 ParOldGen       total 175104K, used 51544K [0x00000006c0000000, 0x00000006cab00000, 0x000000076ab00000)
  object space 175104K, 29% used [0x00000006c0000000,0x00000006c3256080,0x00000006cab00000)
 Metaspace       used 20896K, capacity 21272K, committed 21296K, reserved 1069056K
  class space    used 2209K, capacity 2329K, committed 2352K, reserved 1048576K
Event: 5.630 GC heap after
Heap after GC invocations=9 (full 0):
 PSYoungGen      total 558080K, used 30223K [0x000000076ab00000, 0x00000007a2600000, 0x00000007c0000000)
  eden space 509952K, 0% used [0x000000076ab00000,0x000000076ab00000,0x0000000789d00000)
  from space 48128K, 62% used [0x0000000789d00000,0x000000078ba83e78,0x000000078cc00000)
  to   space 48128K, 0% used [0x000000079f700000,0x000000079f700000,0x00000007a2600000)
 ParOldGen       total 175104K, used 62849K [0x00000006c0000000, 0x00000006cab00000, 0x000000076ab00000)
  object space 175104K, 35% used [0x00000006c0000000,0x00000006c3d60680,0x00000006cab00000)
 Metaspace       used 20896K, capacity 21272K, committed 21296K, reserved 1069056K
  class space    used 2209K, capacity 2329K, committed 2352K, reserved 1048576K
}
Event: 5.630 GC heap before
{Heap before GC invocations=10 (full 1):
 PSYoungGen      total 558080K, used 30223K [0x000000076ab00000, 0x00000007a2600000, 0x00000007c0000000)
  eden space 509952K, 0% used [0x000000076ab00000,0x000000076ab00000,0x0000000789d00000)
  from space 48128K, 62% used [0x0000000789d00000,0x000000078ba83e78,0x000000078cc00000)
  to   space 48128K, 0% used [0x000000079f700000,0x000000079f700000,0x00000007a2600000)
 ParOldGen       total 175104K, used 62849K [0x00000006c0000000, 0x00000006cab00000, 0x000000076ab00000)
  object space 175104K, 35% used [0x00000006c0000000,0x00000006c3d60680,0x00000006cab00000)
 Metaspace       used 20896K, capacity 21272K, committed 21296K, reserved 1069056K
  class space    used 2209K, capacity 2329K, committed 2352K, reserved 1048576K
Event: 5.884 GC heap after
Heap after GC invocations=10 (full 1):
 PSYoungGen      total 558080K, used 0K [0x000000076ab00000, 0x00000007a2600000, 0x00000007c0000000)
  eden space 509952K, 0% used [0x000000076ab00000,0x000000076ab00000,0x0000000789d00000)
  from space 48128K, 0% used [0x0000000789d00000,0x0000000789d00000,0x000000078cc00000)
  to   space 48128K, 0% used [0x000000079f700000,0x000000079f700000,0x00000007a2600000)
 ParOldGen       total 199168K, used 84996K [0x00000006c0000000, 0x00000006cc280000, 0x000000076ab00000)
  object space 199168K, 42% used [0x00000006c0000000,0x00000006c5301270,0x00000006cc280000)
 Metaspace       used 20896K, capacity 21272K, committed 21296K, reserved 1069056K
  class space    used 2209K, capacity 2329K, committed 2352K, reserved 1048576K
}

