# JRE version: OpenJDK Runtime Environment (8.0_242-b08) (build 1.8.0_242-b08)
# Java VM: OpenJDK 64-Bit Server VM (25.242-b08 mixed mode bsd-amd64 compressed oops)
Heap:
 PSYoungGen      total 553472K, used 41850K [0x000000076ab00000, 0x000000078fb00000, 0x00000007c0000000)
  eden space 514560K, 1% used [0x000000076ab00000,0x000000076b0713d8,0x000000078a180000)
  from space 38912K, 93% used [0x000000078cc00000,0x000000078ef6d5d0,0x000000078f200000)
  to   space 43520K, 0% used [0x000000078a180000,0x000000078a180000,0x000000078cc00000)
 ParOldGen       total 175104K, used 48125K [0x00000006c0000000, 0x00000006cab00000, 0x000000076ab00000)
  object space 175104K, 27% used [0x00000006c0000000,0x00000006c2eff630,0x00000006cab00000)
 Metaspace       used 19589K, capacity 19990K, committed 20224K, reserved 1067008K
  class space    used 2094K, capacity 2222K, committed 2304K, reserved 1048576K
GC Heap History (10 events):
Event: 2.305 GC heap before
{Heap before GC invocations=4 (full 0):
 PSYoungGen      total 76288K, used 76264K [0x000000076ab00000, 0x0000000774000000, 0x00000007c0000000)
  eden space 65536K, 100% used [0x000000076ab00000,0x000000076eb00000,0x000000076eb00000)
  from space 10752K, 99% used [0x000000076eb00000,0x000000076f57a0b0,0x000000076f580000)
  to   space 10752K, 0% used [0x0000000773580000,0x0000000773580000,0x0000000774000000)
 ParOldGen       total 175104K, used 8314K [0x00000006c0000000, 0x00000006cab00000, 0x000000076ab00000)
  object space 175104K, 4% used [0x00000006c0000000,0x00000006c081ea18,0x00000006cab00000)
 Metaspace       used 17477K, capacity 17774K, committed 17920K, reserved 1064960K
  class space    used 1915K, capacity 2011K, committed 2048K, reserved 1048576K
Event: 2.320 GC heap after
Heap after GC invocations=4 (full 0):
 PSYoungGen      total 141824K, used 10743K [0x000000076ab00000, 0x0000000774000000, 0x00000007c0000000)
  eden space 131072K, 0% used [0x000000076ab00000,0x000000076ab00000,0x0000000772b00000)
  from space 10752K, 99% used [0x0000000773580000,0x0000000773ffdd70,0x0000000774000000)
  to   space 10752K, 0% used [0x0000000772b00000,0x0000000772b00000,0x0000000773580000)
 ParOldGen       total 175104K, used 14298K [0x00000006c0000000, 0x00000006cab00000, 0x000000076ab00000)
  object space 175104K, 8% used [0x00000006c0000000,0x00000006c0df6ab8,0x00000006cab00000)
 Metaspace       used 17477K, capacity 17774K, committed 17920K, reserved 1064960K
  class space    used 1915K, capacity 2011K, committed 2048K, reserved 1048576K
}
Event: 2.830 GC heap before
{Heap before GC invocations=5 (full 0):
 PSYoungGen      total 141824K, used 141815K [0x000000076ab00000, 0x0000000774000000, 0x00000007c0000000)
  eden space 131072K, 100% used [0x000000076ab00000,0x0000000772b00000,0x0000000772b00000)
  from space 10752K, 99% used [0x0000000773580000,0x0000000773ffdd70,0x0000000774000000)
  to   space 10752K, 0% used [0x0000000772b00000,0x0000000772b00000,0x0000000773580000)
 ParOldGen       total 175104K, used 14298K [0x00000006c0000000, 0x00000006cab00000, 0x000000076ab00000)
  object space 175104K, 8% used [0x00000006c0000000,0x00000006c0df6ab8,0x00000006cab00000)
 Metaspace       used 17889K, capacity 18192K, committed 18560K, reserved 1064960K
  class space    used 1932K, capacity 2054K, committed 2176K, reserved 1048576K
Event: 2.852 GC heap after
Heap after GC invocations=5 (full 0):
 PSYoungGen      total 141824K, used 10723K [0x000000076ab00000, 0x000000077d900000, 0x00000007c0000000)
  eden space 131072K, 0% used [0x000000076ab00000,0x000000076ab00000,0x0000000772b00000)
  from space 10752K, 99% used [0x0000000772b00000,0x0000000773578c40,0x0000000773580000)
  to   space 23552K, 0% used [0x000000077c200000,0x000000077c200000,0x000000077d900000)
 ParOldGen       total 175104K, used 25977K [0x00000006c0000000, 0x00000006cab00000, 0x000000076ab00000)
  object space 175104K, 14% used [0x00000006c0000000,0x00000006c195e578,0x00000006cab00000)
 Metaspace       used 17889K, capacity 18192K, committed 18560K, reserved 1064960K
  class space    used 1932K, capacity 2054K, committed 2176K, reserved 1048576K
}
Event: 3.276 GC heap before
{Heap before GC invocations=6 (full 0):
 PSYoungGen      total 141824K, used 141795K [0x000000076ab00000, 0x000000077d900000, 0x00000007c0000000)
  eden space 131072K, 100% used [0x000000076ab00000,0x0000000772b00000,0x0000000772b00000)
  from space 10752K, 99% used [0x0000000772b00000,0x0000000773578c40,0x0000000773580000)
  to   space 23552K, 0% used [0x000000077c200000,0x000000077c200000,0x000000077d900000)
 ParOldGen       total 175104K, used 25977K [0x00000006c0000000, 0x00000006cab00000, 0x000000076ab00000)
  object space 175104K, 14% used [0x00000006c0000000,0x00000006c195e578,0x00000006cab00000)
 Metaspace       used 18105K, capacity 18448K, committed 18816K, reserved 1067008K
  class space    used 1934K, capacity 2054K, committed 2176K, reserved 1048576K
Event: 3.301 GC heap after
Heap after GC invocations=6 (full 0):
 PSYoungGen      total 283136K, used 23196K [0x000000076ab00000, 0x000000077de00000, 0x00000007c0000000)
  eden space 259584K, 0% used [0x000000076ab00000,0x000000076ab00000,0x000000077a880000)
  from space 23552K, 98% used [0x000000077c200000,0x000000077d8a71e0,0x000000077d900000)
  to   space 26112K, 0% used [0x000000077a880000,0x000000077a880000,0x000000077c200000)
 ParOldGen       total 175104K, used 25977K [0x00000006c0000000, 0x00000006cab00000, 0x000000076ab00000)
  object space 175104K, 14% used [0x00000006c0000000,0x00000006c195e578,0x00000006cab00000)
 Metaspace       used 18105K, capacity 18448K, committed 18816K, reserved 1067008K
  class space    used 1934K, capacity 2054K, committed 2176K, reserved 1048576K
}
Event: 4.953 GC heap before
{Heap before GC invocations=7 (full 0):
 PSYoungGen      total 283136K, used 282780K [0x000000076ab00000, 0x000000077de00000, 0x00000007c0000000)
  eden space 259584K, 100% used [0x000000076ab00000,0x000000077a880000,0x000000077a880000)
  from space 23552K, 98% used [0x000000077c200000,0x000000077d8a71e0,0x000000077d900000)
  to   space 26112K, 0% used [0x000000077a880000,0x000000077a880000,0x000000077c200000)
 ParOldGen       total 175104K, used 25977K [0x00000006c0000000, 0x00000006cab00000, 0x000000076ab00000)
  object space 175104K, 14% used [0x00000006c0000000,0x00000006c195e578,0x00000006cab00000)
 Metaspace       used 19113K, capacity 19454K, committed 19584K, reserved 1067008K
  class space    used 2049K, capacity 2154K, committed 2176K, reserved 1048576K
Event: 4.998 GC heap after
Heap after GC invocations=7 (full 0):
 PSYoungGen      total 285696K, used 26095K [0x000000076ab00000, 0x000000078f200000, 0x00000007c0000000)
  eden space 259584K, 0% used [0x000000076ab00000,0x000000076ab00000,0x000000077a880000)
  from space 26112K, 99% used [0x000000077a880000,0x000000077c1fbdf0,0x000000077c200000)
  to   space 38912K, 0% used [0x000000078cc00000,0x000000078cc00000,0x000000078f200000)
 ParOldGen       total 175104K, used 44527K [0x00000006c0000000, 0x00000006cab00000, 0x000000076ab00000)
  object space 175104K, 25% used [0x00000006c0000000,0x00000006c2b7bc60,0x00000006cab00000)
 Metaspace       used 19113K, capacity 19454K, committed 19584K, reserved 1067008K
  class space    used 2049K, capacity 2154K, committed 2176K, reserved 1048576K
}
Event: 5.635 GC heap before
{Heap before GC invocations=8 (full 0):
 PSYoungGen      total 285696K, used 285679K [0x000000076ab00000, 0x000000078f200000, 0x00000007c0000000)
  eden space 259584K, 100% used [0x000000076ab00000,0x000000077a880000,0x000000077a880000)
  from space 26112K, 99% used [0x000000077a880000,0x000000077c1fbdf0,0x000000077c200000)
  to   space 38912K, 0% used [0x000000078cc00000,0x000000078cc00000,0x000000078f200000)
 ParOldGen       total 175104K, used 44527K [0x00000006c0000000, 0x00000006cab00000, 0x000000076ab00000)
  object space 175104K, 25% used [0x00000006c0000000,0x00000006c2b7bc60,0x00000006cab00000)
 Metaspace       used 19589K, capacity 19990K, committed 20224K, reserved 1067008K
  class space    used 2094K, capacity 2222K, committed 2304K, reserved 1048576K
Event: 5.667 GC heap after
Heap after GC invocations=8 (full 0):
 PSYoungGen      total 553472K, used 36277K [0x000000076ab00000, 0x000000078fb00000, 0x00000007c0000000)
  eden space 514560K, 0% used [0x000000076ab00000,0x000000076ab00000,0x000000078a180000)
  from space 38912K, 93% used [0x000000078cc00000,0x000000078ef6d5d0,0x000000078f200000)
  to   space 43520K, 0% used [0x000000078a180000,0x000000078a180000,0x000000078cc00000)
 ParOldGen       total 175104K, used 48125K [0x00000006c0000000, 0x00000006cab00000, 0x000000076ab00000)
  object space 175104K, 27% used [0x00000006c0000000,0x00000006c2eff630,0x00000006cab00000)
 Metaspace       used 19589K, capacity 19990K, committed 20224K, reserved 1067008K
  class space    used 2094K, capacity 2222K, committed 2304K, reserved 1048576K
}

